{"level":"error","message":"No token provided"}
{"level":"info","message":"::1 - - [10/Aug/2024:11:44:51 +0000] \"GET /contact HTTP/1.1\" 401 29 \"-\" \"PostmanRuntime/7.39.1\"\n"}
{"level":"info","message":"::1 - - [10/Aug/2024:11:46:03 +0000] \"GET /contact HTTP/1.1\" 200 2 \"-\" \"PostmanRuntime/7.39.1\"\n"}
{"level":"info","message":"::1 - - [10/Aug/2024:11:47:18 +0000] \"GET /contact HTTP/1.1\" 200 6361 \"-\" \"PostmanRuntime/7.39.1\"\n"}
{"level":"error","message":"No token provided"}
{"level":"info","message":"::1 - - [10/Aug/2024:11:47:28 +0000] \"GET /contact HTTP/1.1\" 401 29 \"-\" \"PostmanRuntime/7.39.1\"\n"}
{"level":"info","message":"::1 - - [10/Aug/2024:11:47:35 +0000] \"GET /contact HTTP/1.1\" 200 6361 \"-\" \"PostmanRuntime/7.39.1\"\n"}
{"level":"info","message":"::1 - - [10/Aug/2024:11:53:54 +0000] \"GET /contact HTTP/1.1\" 200 6361 \"-\" \"PostmanRuntime/7.39.1\"\n"}
{"level":"info","message":"::1 - - [10/Aug/2024:11:54:45 +0000] \"GET /contact/66b753345849390e5e1182fa HTTP/1.1\" 200 264 \"-\" \"PostmanRuntime/7.39.1\"\n"}
{"level":"error","message":"No token provided"}
{"level":"info","message":"::1 - - [10/Aug/2024:11:54:51 +0000] \"GET /contact/66b753345849390e5e1182fa HTTP/1.1\" 401 29 \"-\" \"PostmanRuntime/7.39.1\"\n"}
{"level":"info","message":"::1 - - [10/Aug/2024:11:54:56 +0000] \"GET /contact/66b753345849390e5e1182fa HTTP/1.1\" 200 264 \"-\" \"PostmanRuntime/7.39.1\"\n"}
{"level":"info","message":"::1 - - [10/Aug/2024:11:56:02 +0000] \"PUT /contact/66b755235e9aa39235814a93 HTTP/1.1\" 200 285 \"-\" \"PostmanRuntime/7.39.1\"\n"}
{"level":"info","message":"::1 - - [10/Aug/2024:11:56:45 +0000] \"DELETE /contact/66b37dff649631762d5a7247 HTTP/1.1\" 404 64 \"-\" \"PostmanRuntime/7.39.1\"\n"}
{"level":"error","message":"No token provided"}
{"level":"info","message":"::1 - - [10/Aug/2024:11:56:48 +0000] \"DELETE /contact/66b37dff649631762d5a7247 HTTP/1.1\" 401 29 \"-\" \"PostmanRuntime/7.39.1\"\n"}
{"level":"info","message":"::1 - - [10/Aug/2024:11:56:56 +0000] \"DELETE /contact/66b753355849390e5e1182fc HTTP/1.1\" 200 43 \"-\" \"PostmanRuntime/7.39.1\"\n"}
{"level":"info","message":"::1 - - [10/Aug/2024:11:57:25 +0000] \"DELETE /contact HTTP/1.1\" 200 48 \"-\" \"PostmanRuntime/7.39.1\"\n"}
{"level":"error","message":"No token provided"}
{"level":"info","message":"::1 - - [10/Aug/2024:11:57:31 +0000] \"DELETE /contact HTTP/1.1\" 401 29 \"-\" \"PostmanRuntime/7.39.1\"\n"}
{"level":"error","message":"No token provided"}
{"level":"info","message":"::1 - - [10/Aug/2024:11:58:02 +0000] \"POST /blogs HTTP/1.1\" 401 29 \"-\" \"PostmanRuntime/7.39.1\"\n"}
{"level":"info","message":"::1 - - [10/Aug/2024:11:58:21 +0000] \"POST /blogs HTTP/1.1\" 200 303 \"-\" \"PostmanRuntime/7.39.1\"\n"}
{"level":"info","message":"::1 - - [10/Aug/2024:11:58:52 +0000] \"POST /blogs HTTP/1.1\" 200 303 \"-\" \"PostmanRuntime/7.39.1\"\n"}
{"level":"info","message":"::1 - - [10/Aug/2024:11:59:17 +0000] \"GET /blogs HTTP/1.1\" 200 609 \"-\" \"PostmanRuntime/7.39.1\"\n"}
{"level":"info","message":"::1 - - [10/Aug/2024:11:59:55 +0000] \"PUT /blogs/66b47533ac9b380d274c9ecb HTTP/1.1\" 404 61 \"-\" \"PostmanRuntime/7.39.1\"\n"}
{"level":"info","message":"::1 - - [10/Aug/2024:12:00:11 +0000] \"PUT /blogs/66b755fc5e9aa39235814aa3 HTTP/1.1\" 200 331 \"-\" \"PostmanRuntime/7.39.1\"\n"}
{"level":"error","message":"No token provided"}
{"level":"info","message":"::1 - - [10/Aug/2024:12:00:26 +0000] \"PUT /blogs/66b755fc5e9aa39235814aa3 HTTP/1.1\" 401 29 \"-\" \"PostmanRuntime/7.39.1\"\n"}
{"level":"info","message":"::1 - - [10/Aug/2024:12:00:30 +0000] \"PUT /blogs/66b755fc5e9aa39235814aa3 HTTP/1.1\" 200 331 \"-\" \"PostmanRuntime/7.39.1\"\n"}
{"level":"error","message":"No token provided"}
{"level":"info","message":"::1 - - [10/Aug/2024:12:00:48 +0000] \"GET /blogs/66b755fc5e9aa39235814aa3 HTTP/1.1\" 401 29 \"-\" \"PostmanRuntime/7.39.1\"\n"}
{"level":"info","message":"::1 - - [10/Aug/2024:12:00:59 +0000] \"GET /blogs/66b755fc5e9aa39235814aa3 HTTP/1.1\" 200 331 \"-\" \"PostmanRuntime/7.39.1\"\n"}
{"level":"error","message":"No token provided"}
{"level":"info","message":"::1 - - [10/Aug/2024:12:01:08 +0000] \"DELETE /blogs/66b4749dac9b380d274c9e95 HTTP/1.1\" 401 29 \"-\" \"PostmanRuntime/7.39.1\"\n"}
{"level":"info","message":"::1 - - [10/Aug/2024:12:01:23 +0000] \"DELETE /blogs/66b4749dac9b380d274c9e95 HTTP/1.1\" 404 61 \"-\" \"PostmanRuntime/7.39.1\"\n"}
{"level":"info","message":"::1 - - [10/Aug/2024:12:01:32 +0000] \"DELETE /blogs/66b755fc5e9aa39235814aa3 HTTP/1.1\" 200 40 \"-\" \"PostmanRuntime/7.39.1\"\n"}
{"level":"error","message":"No token provided"}
{"level":"info","message":"::1 - - [10/Aug/2024:12:02:04 +0000] \"DELETE /blogs?x-auth-token=eyJhbGciOiJIUzI1NiIsInR5cCI6IkpXVCJ9.eyJfaWQiOiI2NmI3NGVhMjVlMTY5Njc3NzRlOGM4ZWIiLCJlbWFpbCI6Im1vbnVAZ21haWwuY29tIiwibmFtZSI6Im1vbnUiLCJpYXQiOjE3MjMyOTA3OTYsImV4cCI6MTcyMzI5NDM5Nn0.V7kKoRX78TdXA4h-aB4LEAaEpaNUp5imPhTuKCojQYU HTTP/1.1\" 401 29 \"-\" \"PostmanRuntime/7.39.1\"\n"}
{"level":"info","message":"::1 - - [10/Aug/2024:12:02:27 +0000] \"DELETE /blogs HTTP/1.1\" 200 45 \"-\" \"PostmanRuntime/7.39.1\"\n"}
{"level":"info","message":"::1 - - [10/Aug/2024:12:02:33 +0000] \"POST /blogs HTTP/1.1\" 200 303 \"-\" \"PostmanRuntime/7.39.1\"\n"}
{"level":"info","message":"::1 - - [10/Aug/2024:12:02:33 +0000] \"POST /blogs HTTP/1.1\" 200 303 \"-\" \"PostmanRuntime/7.39.1\"\n"}
{"level":"info","message":"::1 - - [10/Aug/2024:12:02:34 +0000] \"POST /blogs HTTP/1.1\" 200 303 \"-\" \"PostmanRuntime/7.39.1\"\n"}
{"level":"info","message":"::1 - - [10/Aug/2024:12:02:35 +0000] \"POST /blogs HTTP/1.1\" 200 303 \"-\" \"PostmanRuntime/7.39.1\"\n"}
{"level":"info","message":"::1 - - [10/Aug/2024:12:10:26 +0000] \"POST /admin/reset-email HTTP/1.1\" 400 107 \"-\" \"PostmanRuntime/7.39.1\"\n"}
{"level":"info","message":"::1 - - [10/Aug/2024:12:10:44 +0000] \"POST /admin/delete-account HTTP/1.1\" 500 33 \"-\" \"PostmanRuntime/7.39.1\"\n"}
{"level":"info","message":"::1 - - [10/Aug/2024:12:15:24 +0000] \"DELETE /admin/delete-account HTTP/1.1\" 500 33 \"-\" \"PostmanRuntime/7.39.1\"\n"}
{"level":"info","message":"::1 - - [10/Aug/2024:12:15:58 +0000] \"PATCH /admin/reset-email HTTP/1.1\" 400 107 \"-\" \"PostmanRuntime/7.39.1\"\n"}
{"level":"info","message":"::1 - - [10/Aug/2024:12:39:58 +0000] \"GET /blogs HTTP/1.1\" 200 1217 \"-\" \"PostmanRuntime/7.39.1\"\n"}
{"level":"info","message":"::1 - - [10/Aug/2024:12:40:52 +0000] \"PUT /blogs/66b756d95e9aa39235814aad HTTP/1.1\" 500 1589 \"-\" \"PostmanRuntime/7.39.1\"\n"}
{"level":"info","message":"::1 - - [10/Aug/2024:12:41:41 +0000] \"PUT /blogs/66b756d95e9aa39235814aad HTTP/1.1\" 400 46 \"-\" \"PostmanRuntime/7.39.1\"\n"}
{"level":"info","message":"::1 - - [10/Aug/2024:12:41:52 +0000] \"PUT /blogs/66b756d95e9aa39235814aad HTTP/1.1\" 500 1589 \"-\" \"PostmanRuntime/7.39.1\"\n"}
{"level":"info","message":"::1 - - [10/Aug/2024:12:45:11 +0000] \"PUT /blogs/66b756d95e9aa39235814aad HTTP/1.1\" 200 331 \"-\" \"PostmanRuntime/7.39.1\"\n"}
{"level":"info","message":"::1 - - [10/Aug/2024:14:54:27 +0000] \"POST /blogs HTTP/1.1\" 200 303 \"-\" \"PostmanRuntime/7.39.1\"\n"}
{"level":"info","message":"::1 - - [10/Aug/2024:14:55:15 +0000] \"GET /blogs HTTP/1.1\" 200 1549 \"-\" \"PostmanRuntime/7.39.1\"\n"}
{"level":"info","message":"::1 - - [10/Aug/2024:14:55:30 +0000] \"PUT /blogs/66b756d95e9aa39235814aad HTTP/1.1\" 200 331 \"-\" \"PostmanRuntime/7.39.1\"\n"}
{"expiredAt":"2024-08-10T13:14:44.000Z","level":"error","message":"Token has expired: jwt expired","name":"TokenExpiredError","stack":"TokenExpiredError: jwt expired\n    at C:\\Users\\h5cd2\\OneDrive\\Desktop\\sankat-mochan\\backend\\node_modules\\jsonwebtoken\\verify.js:190:21\n    at getSecret (C:\\Users\\h5cd2\\OneDrive\\Desktop\\sankat-mochan\\backend\\node_modules\\jsonwebtoken\\verify.js:97:14)\n    at Object.module.exports [as verify] (C:\\Users\\h5cd2\\OneDrive\\Desktop\\sankat-mochan\\backend\\node_modules\\jsonwebtoken\\verify.js:101:10)\n    at verifyToken (C:\\Users\\h5cd2\\OneDrive\\Desktop\\sankat-mochan\\backend\\middleware\\verifytokendata.js:44:25)\n    at Layer.handle [as handle_request] (C:\\Users\\h5cd2\\OneDrive\\Desktop\\sankat-mochan\\backend\\node_modules\\express\\lib\\router\\layer.js:95:5)\n    at next (C:\\Users\\h5cd2\\OneDrive\\Desktop\\sankat-mochan\\backend\\node_modules\\express\\lib\\router\\route.js:149:13)\n    at Route.dispatch (C:\\Users\\h5cd2\\OneDrive\\Desktop\\sankat-mochan\\backend\\node_modules\\express\\lib\\router\\route.js:119:3)\n    at Layer.handle [as handle_request] (C:\\Users\\h5cd2\\OneDrive\\Desktop\\sankat-mochan\\backend\\node_modules\\express\\lib\\router\\layer.js:95:5)\n    at C:\\Users\\h5cd2\\OneDrive\\Desktop\\sankat-mochan\\backend\\node_modules\\express\\lib\\router\\index.js:284:15\n    at Function.process_params (C:\\Users\\h5cd2\\OneDrive\\Desktop\\sankat-mochan\\backend\\node_modules\\express\\lib\\router\\index.js:346:12)"}
{"level":"info","message":"::1 - - [13/Aug/2024:05:52:33 +0000] \"GET /admin/logout HTTP/1.1\" 401 29 \"-\" \"PostmanRuntime/7.39.1\"\n"}
{"expiredAt":"2024-08-10T13:14:44.000Z","level":"error","message":"Token has expired: jwt expired","name":"TokenExpiredError","stack":"TokenExpiredError: jwt expired\n    at C:\\Users\\h5cd2\\OneDrive\\Desktop\\sankat-mochan\\backend\\node_modules\\jsonwebtoken\\verify.js:190:21\n    at getSecret (C:\\Users\\h5cd2\\OneDrive\\Desktop\\sankat-mochan\\backend\\node_modules\\jsonwebtoken\\verify.js:97:14)\n    at Object.module.exports [as verify] (C:\\Users\\h5cd2\\OneDrive\\Desktop\\sankat-mochan\\backend\\node_modules\\jsonwebtoken\\verify.js:101:10)\n    at verifyToken (C:\\Users\\h5cd2\\OneDrive\\Desktop\\sankat-mochan\\backend\\middleware\\verifytokendata.js:44:25)\n    at Layer.handle [as handle_request] (C:\\Users\\h5cd2\\OneDrive\\Desktop\\sankat-mochan\\backend\\node_modules\\express\\lib\\router\\layer.js:95:5)\n    at next (C:\\Users\\h5cd2\\OneDrive\\Desktop\\sankat-mochan\\backend\\node_modules\\express\\lib\\router\\route.js:149:13)\n    at Route.dispatch (C:\\Users\\h5cd2\\OneDrive\\Desktop\\sankat-mochan\\backend\\node_modules\\express\\lib\\router\\route.js:119:3)\n    at Layer.handle [as handle_request] (C:\\Users\\h5cd2\\OneDrive\\Desktop\\sankat-mochan\\backend\\node_modules\\express\\lib\\router\\layer.js:95:5)\n    at C:\\Users\\h5cd2\\OneDrive\\Desktop\\sankat-mochan\\backend\\node_modules\\express\\lib\\router\\index.js:284:15\n    at Function.process_params (C:\\Users\\h5cd2\\OneDrive\\Desktop\\sankat-mochan\\backend\\node_modules\\express\\lib\\router\\index.js:346:12)"}
{"level":"info","message":"::1 - - [13/Aug/2024:05:53:00 +0000] \"GET /admin/logout HTTP/1.1\" 401 29 \"-\" \"PostmanRuntime/7.39.1\"\n"}
{"level":"error","message":"No token provided"}
{"level":"info","message":"::1 - - [13/Aug/2024:05:53:08 +0000] \"GET /admin/logout HTTP/1.1\" 401 29 \"-\" \"PostmanRuntime/7.39.1\"\n"}
{"expiredAt":"2024-08-10T13:14:44.000Z","level":"error","message":"Token has expired: jwt expired","name":"TokenExpiredError","stack":"TokenExpiredError: jwt expired\n    at C:\\Users\\h5cd2\\OneDrive\\Desktop\\sankat-mochan\\backend\\node_modules\\jsonwebtoken\\verify.js:190:21\n    at getSecret (C:\\Users\\h5cd2\\OneDrive\\Desktop\\sankat-mochan\\backend\\node_modules\\jsonwebtoken\\verify.js:97:14)\n    at Object.module.exports [as verify] (C:\\Users\\h5cd2\\OneDrive\\Desktop\\sankat-mochan\\backend\\node_modules\\jsonwebtoken\\verify.js:101:10)\n    at verifyToken (C:\\Users\\h5cd2\\OneDrive\\Desktop\\sankat-mochan\\backend\\middleware\\verifytokendata.js:44:25)\n    at Layer.handle [as handle_request] (C:\\Users\\h5cd2\\OneDrive\\Desktop\\sankat-mochan\\backend\\node_modules\\express\\lib\\router\\layer.js:95:5)\n    at next (C:\\Users\\h5cd2\\OneDrive\\Desktop\\sankat-mochan\\backend\\node_modules\\express\\lib\\router\\route.js:149:13)\n    at Route.dispatch (C:\\Users\\h5cd2\\OneDrive\\Desktop\\sankat-mochan\\backend\\node_modules\\express\\lib\\router\\route.js:119:3)\n    at Layer.handle [as handle_request] (C:\\Users\\h5cd2\\OneDrive\\Desktop\\sankat-mochan\\backend\\node_modules\\express\\lib\\router\\layer.js:95:5)\n    at C:\\Users\\h5cd2\\OneDrive\\Desktop\\sankat-mochan\\backend\\node_modules\\express\\lib\\router\\index.js:284:15\n    at Function.process_params (C:\\Users\\h5cd2\\OneDrive\\Desktop\\sankat-mochan\\backend\\node_modules\\express\\lib\\router\\index.js:346:12)"}
{"level":"info","message":"::1 - - [13/Aug/2024:05:53:12 +0000] \"GET /admin/logout HTTP/1.1\" 401 29 \"-\" \"PostmanRuntime/7.39.1\"\n"}
{"expiredAt":"2024-08-10T13:14:44.000Z","level":"error","message":"Token has expired: jwt expired","name":"TokenExpiredError","stack":"TokenExpiredError: jwt expired\n    at C:\\Users\\h5cd2\\OneDrive\\Desktop\\sankat-mochan\\backend\\node_modules\\jsonwebtoken\\verify.js:190:21\n    at getSecret (C:\\Users\\h5cd2\\OneDrive\\Desktop\\sankat-mochan\\backend\\node_modules\\jsonwebtoken\\verify.js:97:14)\n    at Object.module.exports [as verify] (C:\\Users\\h5cd2\\OneDrive\\Desktop\\sankat-mochan\\backend\\node_modules\\jsonwebtoken\\verify.js:101:10)\n    at verifyToken (C:\\Users\\h5cd2\\OneDrive\\Desktop\\sankat-mochan\\backend\\middleware\\verifytokendata.js:44:25)\n    at Layer.handle [as handle_request] (C:\\Users\\h5cd2\\OneDrive\\Desktop\\sankat-mochan\\backend\\node_modules\\express\\lib\\router\\layer.js:95:5)\n    at next (C:\\Users\\h5cd2\\OneDrive\\Desktop\\sankat-mochan\\backend\\node_modules\\express\\lib\\router\\route.js:149:13)\n    at Route.dispatch (C:\\Users\\h5cd2\\OneDrive\\Desktop\\sankat-mochan\\backend\\node_modules\\express\\lib\\router\\route.js:119:3)\n    at Layer.handle [as handle_request] (C:\\Users\\h5cd2\\OneDrive\\Desktop\\sankat-mochan\\backend\\node_modules\\express\\lib\\router\\layer.js:95:5)\n    at C:\\Users\\h5cd2\\OneDrive\\Desktop\\sankat-mochan\\backend\\node_modules\\express\\lib\\router\\index.js:284:15\n    at Function.process_params (C:\\Users\\h5cd2\\OneDrive\\Desktop\\sankat-mochan\\backend\\node_modules\\express\\lib\\router\\index.js:346:12)"}
{"level":"info","message":"::1 - - [13/Aug/2024:05:53:13 +0000] \"GET /admin/logout HTTP/1.1\" 401 29 \"-\" \"PostmanRuntime/7.39.1\"\n"}
{"expiredAt":"2024-08-10T13:14:44.000Z","level":"error","message":"Token has expired: jwt expired","name":"TokenExpiredError","stack":"TokenExpiredError: jwt expired\n    at C:\\Users\\h5cd2\\OneDrive\\Desktop\\sankat-mochan\\backend\\node_modules\\jsonwebtoken\\verify.js:190:21\n    at getSecret (C:\\Users\\h5cd2\\OneDrive\\Desktop\\sankat-mochan\\backend\\node_modules\\jsonwebtoken\\verify.js:97:14)\n    at Object.module.exports [as verify] (C:\\Users\\h5cd2\\OneDrive\\Desktop\\sankat-mochan\\backend\\node_modules\\jsonwebtoken\\verify.js:101:10)\n    at verifyToken (C:\\Users\\h5cd2\\OneDrive\\Desktop\\sankat-mochan\\backend\\middleware\\verifytokendata.js:44:25)\n    at Layer.handle [as handle_request] (C:\\Users\\h5cd2\\OneDrive\\Desktop\\sankat-mochan\\backend\\node_modules\\express\\lib\\router\\layer.js:95:5)\n    at next (C:\\Users\\h5cd2\\OneDrive\\Desktop\\sankat-mochan\\backend\\node_modules\\express\\lib\\router\\route.js:149:13)\n    at Route.dispatch (C:\\Users\\h5cd2\\OneDrive\\Desktop\\sankat-mochan\\backend\\node_modules\\express\\lib\\router\\route.js:119:3)\n    at Layer.handle [as handle_request] (C:\\Users\\h5cd2\\OneDrive\\Desktop\\sankat-mochan\\backend\\node_modules\\express\\lib\\router\\layer.js:95:5)\n    at C:\\Users\\h5cd2\\OneDrive\\Desktop\\sankat-mochan\\backend\\node_modules\\express\\lib\\router\\index.js:284:15\n    at Function.process_params (C:\\Users\\h5cd2\\OneDrive\\Desktop\\sankat-mochan\\backend\\node_modules\\express\\lib\\router\\index.js:346:12)"}
{"level":"info","message":"::1 - - [13/Aug/2024:05:53:14 +0000] \"GET /admin/logout HTTP/1.1\" 401 29 \"-\" \"PostmanRuntime/7.39.1\"\n"}
{"expiredAt":"2024-08-10T13:06:01.000Z","level":"error","message":"Token has expired: jwt expired","name":"TokenExpiredError","stack":"TokenExpiredError: jwt expired\n    at C:\\Users\\h5cd2\\OneDrive\\Desktop\\sankat-mochan\\backend\\node_modules\\jsonwebtoken\\verify.js:190:21\n    at getSecret (C:\\Users\\h5cd2\\OneDrive\\Desktop\\sankat-mochan\\backend\\node_modules\\jsonwebtoken\\verify.js:97:14)\n    at Object.module.exports [as verify] (C:\\Users\\h5cd2\\OneDrive\\Desktop\\sankat-mochan\\backend\\node_modules\\jsonwebtoken\\verify.js:101:10)\n    at verifyToken (C:\\Users\\h5cd2\\OneDrive\\Desktop\\sankat-mochan\\backend\\middleware\\verifytokendata.js:44:25)\n    at Layer.handle [as handle_request] (C:\\Users\\h5cd2\\OneDrive\\Desktop\\sankat-mochan\\backend\\node_modules\\express\\lib\\router\\layer.js:95:5)\n    at next (C:\\Users\\h5cd2\\OneDrive\\Desktop\\sankat-mochan\\backend\\node_modules\\express\\lib\\router\\route.js:149:13)\n    at Route.dispatch (C:\\Users\\h5cd2\\OneDrive\\Desktop\\sankat-mochan\\backend\\node_modules\\express\\lib\\router\\route.js:119:3)\n    at Layer.handle [as handle_request] (C:\\Users\\h5cd2\\OneDrive\\Desktop\\sankat-mochan\\backend\\node_modules\\express\\lib\\router\\layer.js:95:5)\n    at C:\\Users\\h5cd2\\OneDrive\\Desktop\\sankat-mochan\\backend\\node_modules\\express\\lib\\router\\index.js:284:15\n    at Function.process_params (C:\\Users\\h5cd2\\OneDrive\\Desktop\\sankat-mochan\\backend\\node_modules\\express\\lib\\router\\index.js:346:12)"}
{"level":"info","message":"::1 - - [13/Aug/2024:05:53:40 +0000] \"DELETE /admin/delete-account HTTP/1.1\" 401 29 \"-\" \"PostmanRuntime/7.39.1\"\n"}
{"expiredAt":"2024-08-10T13:14:44.000Z","level":"error","message":"Token has expired: jwt expired","name":"TokenExpiredError","stack":"TokenExpiredError: jwt expired\n    at C:\\Users\\h5cd2\\OneDrive\\Desktop\\sankat-mochan\\backend\\node_modules\\jsonwebtoken\\verify.js:190:21\n    at getSecret (C:\\Users\\h5cd2\\OneDrive\\Desktop\\sankat-mochan\\backend\\node_modules\\jsonwebtoken\\verify.js:97:14)\n    at Object.module.exports [as verify] (C:\\Users\\h5cd2\\OneDrive\\Desktop\\sankat-mochan\\backend\\node_modules\\jsonwebtoken\\verify.js:101:10)\n    at verifyToken (C:\\Users\\h5cd2\\OneDrive\\Desktop\\sankat-mochan\\backend\\middleware\\verifytokendata.js:44:25)\n    at Layer.handle [as handle_request] (C:\\Users\\h5cd2\\OneDrive\\Desktop\\sankat-mochan\\backend\\node_modules\\express\\lib\\router\\layer.js:95:5)\n    at next (C:\\Users\\h5cd2\\OneDrive\\Desktop\\sankat-mochan\\backend\\node_modules\\express\\lib\\router\\route.js:149:13)\n    at Route.dispatch (C:\\Users\\h5cd2\\OneDrive\\Desktop\\sankat-mochan\\backend\\node_modules\\express\\lib\\router\\route.js:119:3)\n    at Layer.handle [as handle_request] (C:\\Users\\h5cd2\\OneDrive\\Desktop\\sankat-mochan\\backend\\node_modules\\express\\lib\\router\\layer.js:95:5)\n    at C:\\Users\\h5cd2\\OneDrive\\Desktop\\sankat-mochan\\backend\\node_modules\\express\\lib\\router\\index.js:284:15\n    at Function.process_params (C:\\Users\\h5cd2\\OneDrive\\Desktop\\sankat-mochan\\backend\\node_modules\\express\\lib\\router\\index.js:346:12)"}
{"level":"info","message":"::1 - - [13/Aug/2024:05:53:48 +0000] \"PATCH /admin/reset-email HTTP/1.1\" 401 29 \"-\" \"PostmanRuntime/7.39.1\"\n"}
{"level":"info","message":"::1 - - [13/Aug/2024:05:54:13 +0000] \"GET /admin/logout HTTP/1.1\" 200 42 \"-\" \"PostmanRuntime/7.39.1\"\n"}
{"level":"info","message":"::1 - - [13/Aug/2024:05:54:27 +0000] \"DELETE /admin/delete-account HTTP/1.1\" 500 33 \"-\" \"PostmanRuntime/7.39.1\"\n"}
{"level":"info","message":"::1 - - [13/Aug/2024:06:35:52 +0000] \"DELETE /admin/delete-account HTTP/1.1\" 500 33 \"-\" \"PostmanRuntime/7.39.1\"\n"}
{"level":"info","message":"::1 - - [13/Aug/2024:06:35:58 +0000] \"DELETE /admin/delete-account/ HTTP/1.1\" 500 33 \"-\" \"PostmanRuntime/7.39.1\"\n"}
{"level":"info","message":"::1 - - [13/Aug/2024:06:40:56 +0000] \"DELETE /admin/delete-account HTTP/1.1\" 500 33 \"-\" \"PostmanRuntime/7.39.1\"\n"}
{"level":"info","message":"::1 - - [13/Aug/2024:06:41:48 +0000] \"DELETE /admin/delete-account HTTP/1.1\" 500 33 \"-\" \"PostmanRuntime/7.39.1\"\n"}
{"level":"info","message":"::1 - - [13/Aug/2024:06:43:14 +0000] \"DELETE /admin/delete-account HTTP/1.1\" 200 47 \"-\" \"PostmanRuntime/7.39.1\"\n"}
{"level":"info","message":"::1 - - [13/Aug/2024:06:43:59 +0000] \"GET /admin/logout HTTP/1.1\" 200 42 \"-\" \"PostmanRuntime/7.39.1\"\n"}
{"level":"info","message":"::1 - - [13/Aug/2024:06:44:10 +0000] \"GET /admin/logout HTTP/1.1\" 200 42 \"-\" \"PostmanRuntime/7.39.1\"\n"}
{"level":"info","message":"::1 - - [13/Aug/2024:06:44:12 +0000] \"GET /admin/logout HTTP/1.1\" 200 42 \"-\" \"PostmanRuntime/7.39.1\"\n"}
{"level":"info","message":"::1 - - [13/Aug/2024:06:44:13 +0000] \"GET /admin/logout HTTP/1.1\" 200 42 \"-\" \"PostmanRuntime/7.39.1\"\n"}
{"level":"info","message":"::1 - - [13/Aug/2024:06:44:13 +0000] \"GET /admin/logout HTTP/1.1\" 200 42 \"-\" \"PostmanRuntime/7.39.1\"\n"}
{"level":"info","message":"::1 - - [13/Aug/2024:06:44:13 +0000] \"GET /admin/logout HTTP/1.1\" 200 42 \"-\" \"PostmanRuntime/7.39.1\"\n"}
{"level":"info","message":"::1 - - [13/Aug/2024:06:44:13 +0000] \"GET /admin/logout HTTP/1.1\" 200 42 \"-\" \"PostmanRuntime/7.39.1\"\n"}
{"level":"info","message":"::1 - - [13/Aug/2024:06:44:14 +0000] \"GET /admin/logout HTTP/1.1\" 200 42 \"-\" \"PostmanRuntime/7.39.1\"\n"}
{"level":"info","message":"::1 - - [13/Aug/2024:06:44:14 +0000] \"GET /admin/logout HTTP/1.1\" 200 42 \"-\" \"PostmanRuntime/7.39.1\"\n"}
{"level":"info","message":"::1 - - [13/Aug/2024:06:44:14 +0000] \"GET /admin/logout HTTP/1.1\" 200 42 \"-\" \"PostmanRuntime/7.39.1\"\n"}
{"level":"info","message":"::1 - - [13/Aug/2024:06:44:14 +0000] \"GET /admin/logout HTTP/1.1\" 200 42 \"-\" \"PostmanRuntime/7.39.1\"\n"}
{"level":"info","message":"::1 - - [13/Aug/2024:06:44:15 +0000] \"GET /admin/logout HTTP/1.1\" 200 42 \"-\" \"PostmanRuntime/7.39.1\"\n"}
{"level":"info","message":"::1 - - [13/Aug/2024:06:44:15 +0000] \"GET /admin/logout HTTP/1.1\" 200 42 \"-\" \"PostmanRuntime/7.39.1\"\n"}
{"level":"info","message":"::1 - - [13/Aug/2024:06:44:15 +0000] \"GET /admin/logout HTTP/1.1\" 200 42 \"-\" \"PostmanRuntime/7.39.1\"\n"}
{"level":"info","message":"::1 - - [13/Aug/2024:06:44:15 +0000] \"GET /admin/logout HTTP/1.1\" 200 42 \"-\" \"PostmanRuntime/7.39.1\"\n"}
{"level":"info","message":"::1 - - [13/Aug/2024:06:44:15 +0000] \"GET /admin/logout HTTP/1.1\" 200 42 \"-\" \"PostmanRuntime/7.39.1\"\n"}
{"level":"info","message":"::1 - - [13/Aug/2024:06:44:15 +0000] \"GET /admin/logout HTTP/1.1\" 200 42 \"-\" \"PostmanRuntime/7.39.1\"\n"}
{"level":"info","message":"::1 - - [13/Aug/2024:06:44:16 +0000] \"GET /admin/logout HTTP/1.1\" 200 42 \"-\" \"PostmanRuntime/7.39.1\"\n"}
{"level":"info","message":"::1 - - [13/Aug/2024:06:44:16 +0000] \"GET /admin/logout HTTP/1.1\" 200 42 \"-\" \"PostmanRuntime/7.39.1\"\n"}
{"level":"info","message":"::1 - - [13/Aug/2024:06:44:16 +0000] \"GET /admin/logout HTTP/1.1\" 200 42 \"-\" \"PostmanRuntime/7.39.1\"\n"}
{"level":"info","message":"::1 - - [13/Aug/2024:06:44:16 +0000] \"GET /admin/logout HTTP/1.1\" 200 42 \"-\" \"PostmanRuntime/7.39.1\"\n"}
{"level":"info","message":"::1 - - [13/Aug/2024:06:44:16 +0000] \"GET /admin/logout HTTP/1.1\" 200 42 \"-\" \"PostmanRuntime/7.39.1\"\n"}
{"level":"info","message":"::1 - - [13/Aug/2024:06:44:17 +0000] \"GET /admin/logout HTTP/1.1\" 200 42 \"-\" \"PostmanRuntime/7.39.1\"\n"}
{"level":"info","message":"::1 - - [13/Aug/2024:06:44:17 +0000] \"GET /admin/logout HTTP/1.1\" 200 42 \"-\" \"PostmanRuntime/7.39.1\"\n"}
{"level":"info","message":"::1 - - [13/Aug/2024:06:44:17 +0000] \"GET /admin/logout HTTP/1.1\" 200 42 \"-\" \"PostmanRuntime/7.39.1\"\n"}
{"level":"info","message":"::1 - - [13/Aug/2024:06:44:17 +0000] \"GET /admin/logout HTTP/1.1\" 200 42 \"-\" \"PostmanRuntime/7.39.1\"\n"}
{"level":"info","message":"::1 - - [13/Aug/2024:06:44:18 +0000] \"GET /admin/logout HTTP/1.1\" 200 42 \"-\" \"PostmanRuntime/7.39.1\"\n"}
{"level":"info","message":"::1 - - [13/Aug/2024:06:44:20 +0000] \"GET /admin/logout HTTP/1.1\" 200 42 \"-\" \"PostmanRuntime/7.39.1\"\n"}
{"level":"info","message":"::1 - - [13/Aug/2024:06:44:21 +0000] \"GET /admin/logout HTTP/1.1\" 200 42 \"-\" \"PostmanRuntime/7.39.1\"\n"}
{"level":"info","message":"::1 - - [13/Aug/2024:06:47:46 +0000] \"GET /admin/logout HTTP/1.1\" 401 64 \"-\" \"PostmanRuntime/7.39.1\"\n"}
{"level":"info","message":"::1 - - [13/Aug/2024:06:47:50 +0000] \"GET /admin/logout HTTP/1.1\" 401 64 \"-\" \"PostmanRuntime/7.39.1\"\n"}
{"level":"info","message":"::1 - - [13/Aug/2024:06:49:50 +0000] \"GET /admin/logout HTTP/1.1\" 401 64 \"-\" \"PostmanRuntime/7.39.1\"\n"}
{"level":"info","message":"::1 - - [13/Aug/2024:06:50:05 +0000] \"DELETE /admin/delete-account HTTP/1.1\" 401 25 \"-\" \"PostmanRuntime/7.39.1\"\n"}
{"level":"info","message":"::1 - - [13/Aug/2024:06:50:33 +0000] \"DELETE /admin/delete-account HTTP/1.1\" 200 47 \"-\" \"PostmanRuntime/7.39.1\"\n"}
{"level":"info","message":"::1 - - [13/Aug/2024:06:51:12 +0000] \"DELETE /admin/delete-account HTTP/1.1\" 401 25 \"-\" \"PostmanRuntime/7.39.1\"\n"}
{"level":"info","message":"::1 - - [13/Aug/2024:06:51:18 +0000] \"GET /admin/logout HTTP/1.1\" 401 64 \"-\" \"PostmanRuntime/7.39.1\"\n"}
{"level":"info","message":"::1 - - [13/Aug/2024:06:51:19 +0000] \"GET /admin/logout HTTP/1.1\" 401 64 \"-\" \"PostmanRuntime/7.39.1\"\n"}
{"level":"info","message":"::1 - - [13/Aug/2024:06:51:20 +0000] \"GET /admin/logout HTTP/1.1\" 401 64 \"-\" \"PostmanRuntime/7.39.1\"\n"}
{"level":"info","message":"::1 - - [13/Aug/2024:06:51:50 +0000] \"GET /admin/logout HTTP/1.1\" 401 64 \"-\" \"PostmanRuntime/7.39.1\"\n"}
{"expiredAt":"2024-08-10T13:14:44.000Z","level":"error","message":"Token has expired: jwt expired","name":"TokenExpiredError","stack":"TokenExpiredError: jwt expired\n    at C:\\Users\\h5cd2\\OneDrive\\Desktop\\sankat-mochan\\backend\\node_modules\\jsonwebtoken\\verify.js:190:21\n    at getSecret (C:\\Users\\h5cd2\\OneDrive\\Desktop\\sankat-mochan\\backend\\node_modules\\jsonwebtoken\\verify.js:97:14)\n    at Object.module.exports [as verify] (C:\\Users\\h5cd2\\OneDrive\\Desktop\\sankat-mochan\\backend\\node_modules\\jsonwebtoken\\verify.js:101:10)\n    at verifyToken (C:\\Users\\h5cd2\\OneDrive\\Desktop\\sankat-mochan\\backend\\middleware\\verifytokendata.js:44:25)\n    at Layer.handle [as handle_request] (C:\\Users\\h5cd2\\OneDrive\\Desktop\\sankat-mochan\\backend\\node_modules\\express\\lib\\router\\layer.js:95:5)\n    at next (C:\\Users\\h5cd2\\OneDrive\\Desktop\\sankat-mochan\\backend\\node_modules\\express\\lib\\router\\route.js:149:13)\n    at Route.dispatch (C:\\Users\\h5cd2\\OneDrive\\Desktop\\sankat-mochan\\backend\\node_modules\\express\\lib\\router\\route.js:119:3)\n    at Layer.handle [as handle_request] (C:\\Users\\h5cd2\\OneDrive\\Desktop\\sankat-mochan\\backend\\node_modules\\express\\lib\\router\\layer.js:95:5)\n    at C:\\Users\\h5cd2\\OneDrive\\Desktop\\sankat-mochan\\backend\\node_modules\\express\\lib\\router\\index.js:284:15\n    at Function.process_params (C:\\Users\\h5cd2\\OneDrive\\Desktop\\sankat-mochan\\backend\\node_modules\\express\\lib\\router\\index.js:346:12)"}
{"level":"info","message":"::1 - - [13/Aug/2024:06:52:53 +0000] \"PATCH /admin/reset-email HTTP/1.1\" 401 29 \"-\" \"PostmanRuntime/7.39.1\"\n"}
{"level":"info","message":"::1 - - [13/Aug/2024:06:53:23 +0000] \"PATCH /admin/reset-email HTTP/1.1\" 400 107 \"-\" \"PostmanRuntime/7.39.1\"\n"}
{"level":"info","message":"::1 - - [13/Aug/2024:06:54:21 +0000] \"PATCH /admin/reset-email HTTP/1.1\" 400 107 \"-\" \"PostmanRuntime/7.39.1\"\n"}
{"level":"info","message":"::1 - - [13/Aug/2024:07:05:45 +0000] \"PATCH /admin/reset-email HTTP/1.1\" 400 107 \"-\" \"PostmanRuntime/7.39.1\"\n"}
{"level":"info","message":"::1 - - [13/Aug/2024:07:06:25 +0000] \"PATCH /admin/reset-email HTTP/1.1\" 500 33 \"-\" \"PostmanRuntime/7.39.1\"\n"}
{"level":"info","message":"::1 - - [13/Aug/2024:07:06:27 +0000] \"PATCH /admin/reset-email HTTP/1.1\" 500 33 \"-\" \"PostmanRuntime/7.39.1\"\n"}
{"level":"info","message":"::1 - - [13/Aug/2024:07:08:19 +0000] \"PATCH /admin/reset-email HTTP/1.1\" 500 33 \"-\" \"PostmanRuntime/7.39.1\"\n"}
{"level":"info","message":"::1 - - [13/Aug/2024:07:09:06 +0000] \"PATCH /admin/reset-email HTTP/1.1\" 500 33 \"-\" \"PostmanRuntime/7.39.1\"\n"}
{"level":"info","message":"::1 - - [13/Aug/2024:07:09:19 +0000] \"PATCH /admin/reset-email HTTP/1.1\" 500 33 \"-\" \"PostmanRuntime/7.39.1\"\n"}
{"level":"info","message":"::1 - - [13/Aug/2024:07:12:47 +0000] \"GET /admin/protected HTTP/1.1\" 200 11 \"-\" \"PostmanRuntime/7.39.1\"\n"}
{"level":"info","message":"::1 - - [13/Aug/2024:07:29:27 +0000] \"POST /blogs HTTP/1.1\" 200 313 \"-\" \"PostmanRuntime/7.39.1\"\n"}
{"expiredAt":"2024-08-10T12:53:16.000Z","level":"error","message":"Token has expired: jwt expired","name":"TokenExpiredError","stack":"TokenExpiredError: jwt expired\n    at C:\\Users\\h5cd2\\OneDrive\\Desktop\\sankat-mochan\\backend\\node_modules\\jsonwebtoken\\verify.js:190:21\n    at getSecret (C:\\Users\\h5cd2\\OneDrive\\Desktop\\sankat-mochan\\backend\\node_modules\\jsonwebtoken\\verify.js:97:14)\n    at Object.module.exports [as verify] (C:\\Users\\h5cd2\\OneDrive\\Desktop\\sankat-mochan\\backend\\node_modules\\jsonwebtoken\\verify.js:101:10)\n    at verifyToken (C:\\Users\\h5cd2\\OneDrive\\Desktop\\sankat-mochan\\backend\\middleware\\verifytokendata.js:44:25)\n    at Layer.handle [as handle_request] (C:\\Users\\h5cd2\\OneDrive\\Desktop\\sankat-mochan\\backend\\node_modules\\express\\lib\\router\\layer.js:95:5)\n    at next (C:\\Users\\h5cd2\\OneDrive\\Desktop\\sankat-mochan\\backend\\node_modules\\express\\lib\\router\\route.js:149:13)\n    at Route.dispatch (C:\\Users\\h5cd2\\OneDrive\\Desktop\\sankat-mochan\\backend\\node_modules\\express\\lib\\router\\route.js:119:3)\n    at Layer.handle [as handle_request] (C:\\Users\\h5cd2\\OneDrive\\Desktop\\sankat-mochan\\backend\\node_modules\\express\\lib\\router\\layer.js:95:5)\n    at C:\\Users\\h5cd2\\OneDrive\\Desktop\\sankat-mochan\\backend\\node_modules\\express\\lib\\router\\index.js:284:15\n    at Function.process_params (C:\\Users\\h5cd2\\OneDrive\\Desktop\\sankat-mochan\\backend\\node_modules\\express\\lib\\router\\index.js:346:12)"}
{"level":"info","message":"::1 - - [13/Aug/2024:07:30:02 +0000] \"GET /blogs HTTP/1.1\" 401 29 \"-\" \"PostmanRuntime/7.39.1\"\n"}
{"level":"info","message":"::1 - - [13/Aug/2024:07:30:12 +0000] \"GET /blogs HTTP/1.1\" 200 1863 \"-\" \"PostmanRuntime/7.39.1\"\n"}
{"expiredAt":"2024-08-13T08:28:20.000Z","level":"error","message":"Token has expired: jwt expired","name":"TokenExpiredError","stack":"TokenExpiredError: jwt expired\n    at C:\\Users\\h5cd2\\OneDrive\\Desktop\\sankat-mochan\\backend\\node_modules\\jsonwebtoken\\verify.js:190:21\n    at getSecret (C:\\Users\\h5cd2\\OneDrive\\Desktop\\sankat-mochan\\backend\\node_modules\\jsonwebtoken\\verify.js:97:14)\n    at Object.module.exports [as verify] (C:\\Users\\h5cd2\\OneDrive\\Desktop\\sankat-mochan\\backend\\node_modules\\jsonwebtoken\\verify.js:101:10)\n    at verifyToken (C:\\Users\\h5cd2\\OneDrive\\Desktop\\sankat-mochan\\backend\\middleware\\verifytokendata.js:44:25)\n    at Layer.handle [as handle_request] (C:\\Users\\h5cd2\\OneDrive\\Desktop\\sankat-mochan\\backend\\node_modules\\express\\lib\\router\\layer.js:95:5)\n    at next (C:\\Users\\h5cd2\\OneDrive\\Desktop\\sankat-mochan\\backend\\node_modules\\express\\lib\\router\\route.js:149:13)\n    at done (C:\\Users\\h5cd2\\OneDrive\\Desktop\\sankat-mochan\\backend\\node_modules\\multer\\lib\\make-middleware.js:45:7)\n    at indicateDone (C:\\Users\\h5cd2\\OneDrive\\Desktop\\sankat-mochan\\backend\\node_modules\\multer\\lib\\make-middleware.js:49:68)\n    at C:\\Users\\h5cd2\\OneDrive\\Desktop\\sankat-mochan\\backend\\node_modules\\multer\\lib\\make-middleware.js:155:11\n    at WriteStream.<anonymous> (C:\\Users\\h5cd2\\OneDrive\\Desktop\\sankat-mochan\\backend\\node_modules\\multer\\storage\\disk.js:43:9)"}
{"level":"info","message":"::1 - - [14/Aug/2024:14:42:11 +0000] \"POST /blogs HTTP/1.1\" 401 29 \"-\" \"PostmanRuntime/7.39.1\"\n"}
{"level":"error","message":"No token provided"}
{"level":"info","message":"::1 - - [16/Aug/2024:07:10:21 +0000] \"GET /blogs HTTP/1.1\" 401 29 \"-\" \"PostmanRuntime/7.39.1\"\n"}
{"level":"error","message":"No token provided"}
{"level":"info","message":"::1 - - [16/Aug/2024:07:10:31 +0000] \"GET /blogs HTTP/1.1\" 401 29 \"-\" \"PostmanRuntime/7.39.1\"\n"}
{"level":"error","message":"No token provided"}
{"level":"info","message":"::1 - - [16/Aug/2024:07:12:31 +0000] \"GET /blogs HTTP/1.1\" 401 29 \"-\" \"PostmanRuntime/7.39.1\"\n"}
{"expiredAt":"2024-08-13T08:28:20.000Z","level":"error","message":"Token has expired: jwt expired","name":"TokenExpiredError","stack":"TokenExpiredError: jwt expired\n    at C:\\Users\\h5cd2\\OneDrive\\Desktop\\sankat-mochan\\backend\\node_modules\\jsonwebtoken\\verify.js:190:21\n    at getSecret (C:\\Users\\h5cd2\\OneDrive\\Desktop\\sankat-mochan\\backend\\node_modules\\jsonwebtoken\\verify.js:97:14)\n    at Object.module.exports [as verify] (C:\\Users\\h5cd2\\OneDrive\\Desktop\\sankat-mochan\\backend\\node_modules\\jsonwebtoken\\verify.js:101:10)\n    at verifyToken (C:\\Users\\h5cd2\\OneDrive\\Desktop\\sankat-mochan\\backend\\middleware\\verifytokendata.js:44:25)\n    at Layer.handle [as handle_request] (C:\\Users\\h5cd2\\OneDrive\\Desktop\\sankat-mochan\\backend\\node_modules\\express\\lib\\router\\layer.js:95:5)\n    at next (C:\\Users\\h5cd2\\OneDrive\\Desktop\\sankat-mochan\\backend\\node_modules\\express\\lib\\router\\route.js:149:13)\n    at Route.dispatch (C:\\Users\\h5cd2\\OneDrive\\Desktop\\sankat-mochan\\backend\\node_modules\\express\\lib\\router\\route.js:119:3)\n    at Layer.handle [as handle_request] (C:\\Users\\h5cd2\\OneDrive\\Desktop\\sankat-mochan\\backend\\node_modules\\express\\lib\\router\\layer.js:95:5)\n    at C:\\Users\\h5cd2\\OneDrive\\Desktop\\sankat-mochan\\backend\\node_modules\\express\\lib\\router\\index.js:284:15\n    at Function.process_params (C:\\Users\\h5cd2\\OneDrive\\Desktop\\sankat-mochan\\backend\\node_modules\\express\\lib\\router\\index.js:346:12)"}
{"level":"info","message":"::1 - - [16/Aug/2024:07:12:35 +0000] \"GET /blogs HTTP/1.1\" 401 29 \"-\" \"PostmanRuntime/7.39.1\"\n"}
{"level":"info","message":"::1 - - [16/Aug/2024:07:33:00 +0000] \"POST /blogs HTTP/1.1\" 200 320 \"-\" \"PostmanRuntime/7.39.1\"\n"}
{"level":"info","message":"::1 - - [16/Aug/2024:07:33:14 +0000] \"POST /blogs HTTP/1.1\" 200 320 \"-\" \"PostmanRuntime/7.39.1\"\n"}
{"level":"info","message":"::1 - - [16/Aug/2024:07:33:15 +0000] \"POST /blogs HTTP/1.1\" 200 320 \"-\" \"PostmanRuntime/7.39.1\"\n"}
{"level":"info","message":"::1 - - [16/Aug/2024:07:33:15 +0000] \"POST /blogs HTTP/1.1\" 200 320 \"-\" \"PostmanRuntime/7.39.1\"\n"}
{"level":"info","message":"::1 - - [16/Aug/2024:07:33:15 +0000] \"POST /blogs HTTP/1.1\" 200 320 \"-\" \"PostmanRuntime/7.39.1\"\n"}
{"level":"info","message":"::1 - - [16/Aug/2024:07:33:15 +0000] \"POST /blogs HTTP/1.1\" 200 320 \"-\" \"PostmanRuntime/7.39.1\"\n"}
{"level":"info","message":"::1 - - [16/Aug/2024:07:33:15 +0000] \"POST /blogs HTTP/1.1\" 200 320 \"-\" \"PostmanRuntime/7.39.1\"\n"}
{"level":"info","message":"::1 - - [16/Aug/2024:07:33:16 +0000] \"POST /blogs HTTP/1.1\" 200 320 \"-\" \"PostmanRuntime/7.39.1\"\n"}
{"level":"info","message":"::1 - - [16/Aug/2024:07:33:16 +0000] \"POST /blogs HTTP/1.1\" 200 320 \"-\" \"PostmanRuntime/7.39.1\"\n"}
{"level":"info","message":"::1 - - [16/Aug/2024:07:33:16 +0000] \"POST /blogs HTTP/1.1\" 200 320 \"-\" \"PostmanRuntime/7.39.1\"\n"}
{"level":"info","message":"::1 - - [16/Aug/2024:07:33:16 +0000] \"POST /blogs HTTP/1.1\" 200 320 \"-\" \"PostmanRuntime/7.39.1\"\n"}
{"level":"info","message":"::1 - - [16/Aug/2024:07:33:17 +0000] \"POST /blogs HTTP/1.1\" 200 320 \"-\" \"PostmanRuntime/7.39.1\"\n"}
{"level":"info","message":"::1 - - [16/Aug/2024:07:33:17 +0000] \"POST /blogs HTTP/1.1\" 200 320 \"-\" \"PostmanRuntime/7.39.1\"\n"}
{"level":"info","message":"::1 - - [16/Aug/2024:07:33:17 +0000] \"POST /blogs HTTP/1.1\" 200 320 \"-\" \"PostmanRuntime/7.39.1\"\n"}
{"level":"info","message":"::1 - - [16/Aug/2024:07:33:17 +0000] \"POST /blogs HTTP/1.1\" 200 320 \"-\" \"PostmanRuntime/7.39.1\"\n"}
{"level":"info","message":"::1 - - [16/Aug/2024:07:33:17 +0000] \"POST /blogs HTTP/1.1\" 200 320 \"-\" \"PostmanRuntime/7.39.1\"\n"}
{"level":"info","message":"::1 - - [16/Aug/2024:07:33:17 +0000] \"POST /blogs HTTP/1.1\" 200 320 \"-\" \"PostmanRuntime/7.39.1\"\n"}
{"level":"info","message":"::1 - - [16/Aug/2024:07:33:18 +0000] \"POST /blogs HTTP/1.1\" 200 320 \"-\" \"PostmanRuntime/7.39.1\"\n"}
{"level":"info","message":"::1 - - [16/Aug/2024:07:34:15 +0000] \"POST /blogs HTTP/1.1\" 200 394 \"-\" \"PostmanRuntime/7.39.1\"\n"}
{"level":"info","message":"::1 - - [16/Aug/2024:07:34:37 +0000] \"POST /blogs HTTP/1.1\" 200 394 \"-\" \"PostmanRuntime/7.39.1\"\n"}
{"level":"info","message":"::1 - - [16/Aug/2024:07:35:46 +0000] \"DELETE /blogs HTTP/1.1\" 200 45 \"-\" \"PostmanRuntime/7.39.1\"\n"}
{"level":"info","message":"::1 - - [16/Aug/2024:07:36:07 +0000] \"POST /blogs HTTP/1.1\" 200 394 \"-\" \"PostmanRuntime/7.39.1\"\n"}
{"level":"info","message":"::1 - - [16/Aug/2024:07:36:08 +0000] \"POST /blogs HTTP/1.1\" 200 394 \"-\" \"PostmanRuntime/7.39.1\"\n"}
{"level":"info","message":"::1 - - [16/Aug/2024:07:36:09 +0000] \"POST /blogs HTTP/1.1\" 200 394 \"-\" \"PostmanRuntime/7.39.1\"\n"}
{"level":"info","message":"::1 - - [16/Aug/2024:07:36:09 +0000] \"POST /blogs HTTP/1.1\" 200 394 \"-\" \"PostmanRuntime/7.39.1\"\n"}
{"level":"info","message":"::1 - - [16/Aug/2024:07:36:10 +0000] \"POST /blogs HTTP/1.1\" 200 394 \"-\" \"PostmanRuntime/7.39.1\"\n"}
{"level":"info","message":"::1 - - [16/Aug/2024:07:36:30 +0000] \"POST /blogs HTTP/1.1\" 200 394 \"-\" \"PostmanRuntime/7.39.1\"\n"}
{"level":"error","message":"No token provided"}
{"level":"info","message":"::1 - - [16/Aug/2024:08:16:34 +0000] \"GET /contact HTTP/1.1\" 401 29 \"http://localhost:50872/\" \"Mozilla/5.0 (Windows NT 10.0; Win64; x64) AppleWebKit/537.36 (KHTML, like Gecko) Chrome/127.0.0.0 Safari/537.36\"\n"}
{"level":"error","message":"No token provided"}
{"level":"info","message":"::1 - - [16/Aug/2024:08:16:36 +0000] \"GET /contact HTTP/1.1\" 401 29 \"http://localhost:50872/\" \"Mozilla/5.0 (Windows NT 10.0; Win64; x64) AppleWebKit/537.36 (KHTML, like Gecko) Chrome/127.0.0.0 Safari/537.36\"\n"}
{"level":"error","message":"No token provided"}
{"level":"info","message":"::1 - - [16/Aug/2024:08:16:37 +0000] \"GET /contact HTTP/1.1\" 401 29 \"http://localhost:50872/\" \"Mozilla/5.0 (Windows NT 10.0; Win64; x64) AppleWebKit/537.36 (KHTML, like Gecko) Chrome/127.0.0.0 Safari/537.36\"\n"}
{"level":"error","message":"No token provided"}
{"level":"info","message":"::1 - - [16/Aug/2024:08:17:33 +0000] \"GET /contact HTTP/1.1\" 401 29 \"http://localhost:50872/\" \"Mozilla/5.0 (Windows NT 10.0; Win64; x64) AppleWebKit/537.36 (KHTML, like Gecko) Chrome/127.0.0.0 Safari/537.36\"\n"}
{"level":"error","message":"No token provided"}
{"level":"info","message":"::1 - - [16/Aug/2024:08:18:27 +0000] \"GET /contact HTTP/1.1\" 401 29 \"http://localhost:50872/\" \"Mozilla/5.0 (Windows NT 10.0; Win64; x64) AppleWebKit/537.36 (KHTML, like Gecko) Chrome/127.0.0.0 Safari/537.36\"\n"}
{"level":"error","message":"No token provided"}
{"level":"info","message":"::1 - - [16/Aug/2024:08:18:32 +0000] \"GET /contact HTTP/1.1\" 401 29 \"http://localhost:50872/\" \"Mozilla/5.0 (Windows NT 10.0; Win64; x64) AppleWebKit/537.36 (KHTML, like Gecko) Chrome/127.0.0.0 Safari/537.36\"\n"}
{"level":"error","message":"No token provided"}
{"level":"info","message":"::1 - - [16/Aug/2024:08:26:20 +0000] \"GET /contact HTTP/1.1\" 401 29 \"http://localhost:50872/\" \"Mozilla/5.0 (Windows NT 10.0; Win64; x64) AppleWebKit/537.36 (KHTML, like Gecko) Chrome/127.0.0.0 Safari/537.36\"\n"}
{"level":"error","message":"No token provided"}
{"level":"info","message":"::1 - - [16/Aug/2024:08:34:07 +0000] \"GET /contact HTTP/1.1\" 401 29 \"http://localhost:50872/\" \"Mozilla/5.0 (Windows NT 10.0; Win64; x64) AppleWebKit/537.36 (KHTML, like Gecko) Chrome/127.0.0.0 Safari/537.36\"\n"}
{"level":"error","message":"No token provided"}
{"level":"info","message":"::1 - - [16/Aug/2024:08:34:15 +0000] \"GET /contact HTTP/1.1\" 401 29 \"http://localhost:50872/\" \"Mozilla/5.0 (Windows NT 10.0; Win64; x64) AppleWebKit/537.36 (KHTML, like Gecko) Chrome/127.0.0.0 Safari/537.36\"\n"}
{"level":"error","message":"No token provided"}
{"level":"info","message":"::1 - - [16/Aug/2024:08:34:16 +0000] \"GET /contact HTTP/1.1\" 401 29 \"http://localhost:50872/\" \"Mozilla/5.0 (Windows NT 10.0; Win64; x64) AppleWebKit/537.36 (KHTML, like Gecko) Chrome/127.0.0.0 Safari/537.36\"\n"}
{"level":"error","message":"No token provided"}
{"level":"info","message":"::1 - - [16/Aug/2024:08:34:16 +0000] \"GET /contact HTTP/1.1\" 401 29 \"http://localhost:50872/\" \"Mozilla/5.0 (Windows NT 10.0; Win64; x64) AppleWebKit/537.36 (KHTML, like Gecko) Chrome/127.0.0.0 Safari/537.36\"\n"}
{"level":"error","message":"No token provided"}
{"level":"info","message":"::1 - - [16/Aug/2024:08:34:16 +0000] \"GET /contact HTTP/1.1\" 401 29 \"http://localhost:50872/\" \"Mozilla/5.0 (Windows NT 10.0; Win64; x64) AppleWebKit/537.36 (KHTML, like Gecko) Chrome/127.0.0.0 Safari/537.36\"\n"}
{"expiredAt":"2024-08-10T12:53:16.000Z","level":"error","message":"Token has expired: jwt expired","name":"TokenExpiredError","stack":"TokenExpiredError: jwt expired\n    at C:\\Users\\h5cd2\\OneDrive\\Desktop\\sankat-mochan\\backend\\node_modules\\jsonwebtoken\\verify.js:190:21\n    at getSecret (C:\\Users\\h5cd2\\OneDrive\\Desktop\\sankat-mochan\\backend\\node_modules\\jsonwebtoken\\verify.js:97:14)\n    at Object.module.exports [as verify] (C:\\Users\\h5cd2\\OneDrive\\Desktop\\sankat-mochan\\backend\\node_modules\\jsonwebtoken\\verify.js:101:10)\n    at verifyToken (C:\\Users\\h5cd2\\OneDrive\\Desktop\\sankat-mochan\\backend\\middleware\\verifytokendata.js:44:25)\n    at Layer.handle [as handle_request] (C:\\Users\\h5cd2\\OneDrive\\Desktop\\sankat-mochan\\backend\\node_modules\\express\\lib\\router\\layer.js:95:5)\n    at next (C:\\Users\\h5cd2\\OneDrive\\Desktop\\sankat-mochan\\backend\\node_modules\\express\\lib\\router\\route.js:149:13)\n    at Route.dispatch (C:\\Users\\h5cd2\\OneDrive\\Desktop\\sankat-mochan\\backend\\node_modules\\express\\lib\\router\\route.js:119:3)\n    at Layer.handle [as handle_request] (C:\\Users\\h5cd2\\OneDrive\\Desktop\\sankat-mochan\\backend\\node_modules\\express\\lib\\router\\layer.js:95:5)\n    at C:\\Users\\h5cd2\\OneDrive\\Desktop\\sankat-mochan\\backend\\node_modules\\express\\lib\\router\\index.js:284:15\n    at Function.process_params (C:\\Users\\h5cd2\\OneDrive\\Desktop\\sankat-mochan\\backend\\node_modules\\express\\lib\\router\\index.js:346:12)"}
{"level":"info","message":"::1 - - [16/Aug/2024:08:36:47 +0000] \"GET /contact HTTP/1.1\" 401 29 \"-\" \"PostmanRuntime/7.39.1\"\n"}
{"level":"error","message":"No token provided"}
{"level":"info","message":"::1 - - [16/Aug/2024:08:38:28 +0000] \"DELETE /contact/66bf06d7053fca7dffd98bf0 HTTP/1.1\" 401 29 \"http://localhost:50872/\" \"Mozilla/5.0 (Windows NT 10.0; Win64; x64) AppleWebKit/537.36 (KHTML, like Gecko) Chrome/127.0.0.0 Safari/537.36\"\n"}
{"level":"error","message":"No token provided"}
{"level":"info","message":"::1 - - [16/Aug/2024:08:38:30 +0000] \"DELETE /contact/66bf06d7053fca7dffd98bf0 HTTP/1.1\" 401 29 \"http://localhost:50872/\" \"Mozilla/5.0 (Windows NT 10.0; Win64; x64) AppleWebKit/537.36 (KHTML, like Gecko) Chrome/127.0.0.0 Safari/537.36\"\n"}
{"level":"error","message":"No token provided"}
{"level":"info","message":"::1 - - [16/Aug/2024:08:38:31 +0000] \"DELETE /contact/66bf06d7053fca7dffd98bf0 HTTP/1.1\" 401 29 \"http://localhost:50872/\" \"Mozilla/5.0 (Windows NT 10.0; Win64; x64) AppleWebKit/537.36 (KHTML, like Gecko) Chrome/127.0.0.0 Safari/537.36\"\n"}
{"level":"error","message":"No token provided"}
{"level":"info","message":"::1 - - [16/Aug/2024:08:38:31 +0000] \"DELETE /contact/66bf06d7053fca7dffd98bf0 HTTP/1.1\" 401 29 \"http://localhost:50872/\" \"Mozilla/5.0 (Windows NT 10.0; Win64; x64) AppleWebKit/537.36 (KHTML, like Gecko) Chrome/127.0.0.0 Safari/537.36\"\n"}
{"level":"error","message":"No token provided"}
{"level":"info","message":"::1 - - [16/Aug/2024:08:38:31 +0000] \"DELETE /contact/66bf06d7053fca7dffd98bf0 HTTP/1.1\" 401 29 \"http://localhost:50872/\" \"Mozilla/5.0 (Windows NT 10.0; Win64; x64) AppleWebKit/537.36 (KHTML, like Gecko) Chrome/127.0.0.0 Safari/537.36\"\n"}
{"level":"error","message":"No token provided"}
{"level":"info","message":"::1 - - [16/Aug/2024:08:38:31 +0000] \"DELETE /contact/66bf06d7053fca7dffd98bf0 HTTP/1.1\" 401 29 \"http://localhost:50872/\" \"Mozilla/5.0 (Windows NT 10.0; Win64; x64) AppleWebKit/537.36 (KHTML, like Gecko) Chrome/127.0.0.0 Safari/537.36\"\n"}
{"level":"error","message":"No token provided"}
{"level":"info","message":"::1 - - [16/Aug/2024:08:38:31 +0000] \"DELETE /contact/66bf06d7053fca7dffd98bf0 HTTP/1.1\" 401 29 \"http://localhost:50872/\" \"Mozilla/5.0 (Windows NT 10.0; Win64; x64) AppleWebKit/537.36 (KHTML, like Gecko) Chrome/127.0.0.0 Safari/537.36\"\n"}
{"level":"error","message":"No token provided"}
{"level":"info","message":"::1 - - [16/Aug/2024:08:38:32 +0000] \"DELETE /contact/66bf06d7053fca7dffd98bf0 HTTP/1.1\" 401 29 \"http://localhost:50872/\" \"Mozilla/5.0 (Windows NT 10.0; Win64; x64) AppleWebKit/537.36 (KHTML, like Gecko) Chrome/127.0.0.0 Safari/537.36\"\n"}
{"level":"error","message":"No token provided"}
{"level":"info","message":"::1 - - [16/Aug/2024:08:38:32 +0000] \"DELETE /contact/66bf06d7053fca7dffd98bf0 HTTP/1.1\" 401 29 \"http://localhost:50872/\" \"Mozilla/5.0 (Windows NT 10.0; Win64; x64) AppleWebKit/537.36 (KHTML, like Gecko) Chrome/127.0.0.0 Safari/537.36\"\n"}
{"level":"error","message":"No token provided"}
{"level":"info","message":"::1 - - [16/Aug/2024:08:38:33 +0000] \"DELETE /contact/66bf06b4053fca7dffd98bee HTTP/1.1\" 401 29 \"http://localhost:50872/\" \"Mozilla/5.0 (Windows NT 10.0; Win64; x64) AppleWebKit/537.36 (KHTML, like Gecko) Chrome/127.0.0.0 Safari/537.36\"\n"}
{"level":"error","message":"No token provided"}
{"level":"info","message":"::1 - - [16/Aug/2024:08:38:33 +0000] \"DELETE /contact/66bf06b4053fca7dffd98bee HTTP/1.1\" 401 29 \"http://localhost:50872/\" \"Mozilla/5.0 (Windows NT 10.0; Win64; x64) AppleWebKit/537.36 (KHTML, like Gecko) Chrome/127.0.0.0 Safari/537.36\"\n"}
{"level":"error","message":"No token provided"}
{"level":"info","message":"::1 - - [16/Aug/2024:08:38:34 +0000] \"DELETE /contact/66befa1f6e5ae546f64e09f4 HTTP/1.1\" 401 29 \"http://localhost:50872/\" \"Mozilla/5.0 (Windows NT 10.0; Win64; x64) AppleWebKit/537.36 (KHTML, like Gecko) Chrome/127.0.0.0 Safari/537.36\"\n"}
{"level":"error","message":"No token provided"}
{"level":"info","message":"::1 - - [16/Aug/2024:08:38:34 +0000] \"DELETE /contact/66befa1f6e5ae546f64e09f4 HTTP/1.1\" 401 29 \"http://localhost:50872/\" \"Mozilla/5.0 (Windows NT 10.0; Win64; x64) AppleWebKit/537.36 (KHTML, like Gecko) Chrome/127.0.0.0 Safari/537.36\"\n"}
{"level":"error","message":"No token provided"}
{"level":"info","message":"::1 - - [16/Aug/2024:08:38:35 +0000] \"DELETE /contact/66bef58f6e5ae546f64e09f2 HTTP/1.1\" 401 29 \"http://localhost:50872/\" \"Mozilla/5.0 (Windows NT 10.0; Win64; x64) AppleWebKit/537.36 (KHTML, like Gecko) Chrome/127.0.0.0 Safari/537.36\"\n"}
{"level":"error","message":"No token provided"}
{"level":"info","message":"::1 - - [16/Aug/2024:08:38:35 +0000] \"DELETE /contact/66bef58f6e5ae546f64e09f2 HTTP/1.1\" 401 29 \"http://localhost:50872/\" \"Mozilla/5.0 (Windows NT 10.0; Win64; x64) AppleWebKit/537.36 (KHTML, like Gecko) Chrome/127.0.0.0 Safari/537.36\"\n"}
{"level":"error","message":"No token provided"}
{"level":"info","message":"::1 - - [16/Aug/2024:08:38:36 +0000] \"DELETE /contact/66bef4346e5ae546f64e09f0 HTTP/1.1\" 401 29 \"http://localhost:50872/\" \"Mozilla/5.0 (Windows NT 10.0; Win64; x64) AppleWebKit/537.36 (KHTML, like Gecko) Chrome/127.0.0.0 Safari/537.36\"\n"}
{"level":"error","message":"No token provided"}
{"level":"info","message":"::1 - - [16/Aug/2024:08:39:26 +0000] \"DELETE /contact/66bf06d7053fca7dffd98bf0 HTTP/1.1\" 401 29 \"http://localhost:50872/\" \"Mozilla/5.0 (Windows NT 10.0; Win64; x64) AppleWebKit/537.36 (KHTML, like Gecko) Chrome/127.0.0.0 Safari/537.36\"\n"}
{"level":"error","message":"No token provided"}
{"level":"info","message":"::1 - - [16/Aug/2024:08:39:27 +0000] \"DELETE /contact/66bf06b4053fca7dffd98bee HTTP/1.1\" 401 29 \"http://localhost:50872/\" \"Mozilla/5.0 (Windows NT 10.0; Win64; x64) AppleWebKit/537.36 (KHTML, like Gecko) Chrome/127.0.0.0 Safari/537.36\"\n"}
{"level":"error","message":"No token provided"}
{"level":"info","message":"::1 - - [16/Aug/2024:08:39:28 +0000] \"DELETE /contact/66bf06d7053fca7dffd98bf0 HTTP/1.1\" 401 29 \"http://localhost:50872/\" \"Mozilla/5.0 (Windows NT 10.0; Win64; x64) AppleWebKit/537.36 (KHTML, like Gecko) Chrome/127.0.0.0 Safari/537.36\"\n"}
{"level":"error","message":"No token provided"}
{"level":"info","message":"::1 - - [16/Aug/2024:08:39:51 +0000] \"DELETE /contact/66bf06d7053fca7dffd98bf0 HTTP/1.1\" 401 29 \"http://localhost:50872/\" \"Mozilla/5.0 (Windows NT 10.0; Win64; x64) AppleWebKit/537.36 (KHTML, like Gecko) Chrome/127.0.0.0 Safari/537.36\"\n"}
